<?xml version="1.0" encoding="utf-8" standalone="no"?>
<test-run id="2" testcasecount="4" result="Failed" total="4" passed="0" failed="0" inconclusive="0" skipped="0" asserts="0" start-time="2016-05-05 17:02:28Z" end-time="2016-05-05 17:02:34Z" duration="6.006705">
  <environment nunit-version="3.0.5715.30860" clr-version="4.0.30319.42000" os-version="Microsoft Windows NT 6.3.9600.0" platform="Win32NT" cwd="C:\Users\Chris Gungaloo\Documents\Visual Studio 2015\Projects\Twitter_Test\packages\SpecFlow.2.0.0\tools" machine-name="QAWORKS-000208" user="Chris Gungaloo" user-domain="QAWorks-000208" culture="en-GB" uiculture="en-GB" os-architecture="x64" />
  <test-suite type="Assembly" id="1-1" name="labels" fullname="C:\Program Files\Git\labels" testcasecount="0" runstate="NotRunnable" result="Failed" label="Invalid">
    <properties>
      <property name="_SKIPREASON" value="File not found: C:\Program Files\Git\labels" />
    </properties>
    <reason>
      <message>File not found: C:\Program Files\Git\labels</message>
    </reason>
  </test-suite>
  <test-suite type="Assembly" id="1-1006" name="C:\Users\Chris Gungaloo\Documents\Visual Studio 2015\Projects\Twitter_Test\Twitter_Test\bin\Debug\Twitter_Test.dll" fullname="C:\Users\Chris Gungaloo\Documents\Visual Studio 2015\Projects\Twitter_Test\Twitter_Test\bin\Debug\Twitter_Test.dll" runstate="Runnable" testcasecount="4" result="Failed" duration="5.819676" total="4" passed="0" failed="0" inconclusive="0" skipped="0" asserts="0" site="Child">
    <properties>
      <property name="_PID" value="10508" />
      <property name="_APPDOMAIN" value="test-domain-Twitter_Test.dll" />
    </properties>
    <failure>
      <message><![CDATA[One or more child tests had errors]]></message>
    </failure>
    <test-suite type="Namespace" id="1-1007" name="Twitter_Test" fullname="Twitter_Test" runstate="Runnable" testcasecount="4" result="Failed" duration="5.776792" total="4" passed="0" failed="0" inconclusive="0" skipped="0" asserts="0" site="Child">
      <failure>
        <message><![CDATA[One or more child tests had errors]]></message>
      </failure>
      <test-suite type="Namespace" id="1-1008" name="FeatureFiles" fullname="Twitter_Test.FeatureFiles" runstate="Runnable" testcasecount="4" result="Failed" duration="5.775920" total="4" passed="0" failed="0" inconclusive="0" skipped="0" asserts="0" site="SetUp">
        <failure>
          <message><![CDATA[One or more child tests had errors]]></message>
        </failure>
        <test-suite type="TestFixture" id="1-1000" name="LoginFeature" fullname="Twitter_Test.FeatureFiles.LoginFeature" runstate="Runnable" testcasecount="2" result="Failed" duration="5.399839" total="2" passed="0" failed="0" inconclusive="0" skipped="0" asserts="0" site="TearDown">
          <properties>
            <property name="_DESCRIPTION" value="Login" />
          </properties>
          <failure>
            <message><![CDATA[One or more child tests had errors]]></message>
          </failure>
          <test-case id="1-1001" name="IncorrectLogin" fullname="Twitter_Test.FeatureFiles.LoginFeature.IncorrectLogin" runstate="Runnable" result="Failed" label="Error" duration="3.467998" asserts="0">
            <properties>
              <property name="_DESCRIPTION" value="Incorrect Login" />
              <property name="_CATEGORIES" value="loginScreen" />
            </properties>
            <failure>
              <message><![CDATA[System.Exception : No devices connected.]]></message>
              <stack-trace><![CDATA[   at Xamarin.UITest.Android.LocalAndroidAppInitializer.GetDeviceSerial(IAndroidAppConfiguration appConfiguration)
   at Xamarin.UITest.Android.LocalAndroidAppInitializer.PrepareEnvironment()
   at Xamarin.UITest.Android.AndroidApp..ctor(IAndroidAppConfiguration appConfiguration)
   at Xamarin.UITest.Configuration.AndroidAppConfigurator.StartApp(AppDataMode appDataMode)
   at Twitter_Test.AppInitializer.StartApp(Platform platform) in C:\Users\Chris Gungaloo\Documents\Visual Studio 2015\Projects\Twitter_Test\Twitter_Test\AppInitializer.cs:line 15
   at Twitter_Test.BeforeAfterHook.BeforeScenario() in C:\Users\Chris Gungaloo\Documents\Visual Studio 2015\Projects\Twitter_Test\Twitter_Test\BeforeAfterHook.cs:line 20
   at TechTalk.SpecFlow.Bindings.BindingInvoker.InvokeBinding(IBinding binding, IContextManager contextManager, Object[] arguments, ITestTracer testTracer, TimeSpan& duration)
   at TechTalk.SpecFlow.Infrastructure.TestExecutionEngine.FireEvents(HookType bindingEvent)
   at TechTalk.SpecFlow.Infrastructure.TestExecutionEngine.OnScenarioStart(ScenarioInfo scenarioInfo)
   at Twitter_Test.FeatureFiles.LoginFeature.ScenarioSetup(ScenarioInfo scenarioInfo) in C:\Users\Chris Gungaloo\Documents\Visual Studio 2015\Projects\Twitter_Test\Twitter_Test\FeatureFiles\Login.feature.cs:line 0
   at Twitter_Test.FeatureFiles.LoginFeature.IncorrectLogin() in C:\Users\Chris Gungaloo\Documents\Visual Studio 2015\Projects\Twitter_Test\Twitter_Test\FeatureFiles\Login.feature:line 4]]></stack-trace>
            </failure>
          </test-case>
          <test-case id="1-1002" name="Login" fullname="Twitter_Test.FeatureFiles.LoginFeature.Login" runstate="Runnable" result="Failed" label="Error" duration="0.372283" asserts="0">
            <properties>
              <property name="_DESCRIPTION" value="Login" />
              <property name="_CATEGORIES" value="loginScreen" />
              <property name="_CATEGORIES" value="logout" />
            </properties>
            <failure>
              <message><![CDATA[System.Exception : No devices connected.
TearDown : System.NullReferenceException : Object reference not set to an instance of an object.]]></message>
              <stack-trace><![CDATA[   at Xamarin.UITest.Android.LocalAndroidAppInitializer.GetDeviceSerial(IAndroidAppConfiguration appConfiguration)
   at Xamarin.UITest.Android.LocalAndroidAppInitializer.PrepareEnvironment()
   at Xamarin.UITest.Android.AndroidApp..ctor(IAndroidAppConfiguration appConfiguration)
   at Xamarin.UITest.Configuration.AndroidAppConfigurator.StartApp(AppDataMode appDataMode)
   at Twitter_Test.AppInitializer.StartApp(Platform platform) in C:\Users\Chris Gungaloo\Documents\Visual Studio 2015\Projects\Twitter_Test\Twitter_Test\AppInitializer.cs:line 15
   at Twitter_Test.BeforeAfterHook.BeforeScenario() in C:\Users\Chris Gungaloo\Documents\Visual Studio 2015\Projects\Twitter_Test\Twitter_Test\BeforeAfterHook.cs:line 20
   at TechTalk.SpecFlow.Bindings.BindingInvoker.InvokeBinding(IBinding binding, IContextManager contextManager, Object[] arguments, ITestTracer testTracer, TimeSpan& duration)
   at TechTalk.SpecFlow.Infrastructure.TestExecutionEngine.FireEvents(HookType bindingEvent)
   at TechTalk.SpecFlow.Infrastructure.TestExecutionEngine.OnScenarioStart(ScenarioInfo scenarioInfo)
   at Twitter_Test.FeatureFiles.LoginFeature.ScenarioSetup(ScenarioInfo scenarioInfo) in C:\Users\Chris Gungaloo\Documents\Visual Studio 2015\Projects\Twitter_Test\Twitter_Test\FeatureFiles\Login.feature.cs:line 0
   at Twitter_Test.FeatureFiles.LoginFeature.Login() in C:\Users\Chris Gungaloo\Documents\Visual Studio 2015\Projects\Twitter_Test\Twitter_Test\FeatureFiles\Login.feature:line 10
--TearDown
   at Twitter_Test.BeforeAfterHook.AfterScenario() in C:\Users\Chris Gungaloo\Documents\Visual Studio 2015\Projects\Twitter_Test\Twitter_Test\BeforeAfterHook.cs:line 36
   at TechTalk.SpecFlow.Bindings.BindingInvoker.InvokeBinding(IBinding binding, IContextManager contextManager, Object[] arguments, ITestTracer testTracer, TimeSpan& duration)
   at TechTalk.SpecFlow.Infrastructure.TestExecutionEngine.FireEvents(HookType bindingEvent)
   at TechTalk.SpecFlow.Infrastructure.TestExecutionEngine.OnScenarioEnd()
   at Twitter_Test.FeatureFiles.LoginFeature.ScenarioTearDown() in C:\Users\Chris Gungaloo\Documents\Visual Studio 2015\Projects\Twitter_Test\Twitter_Test\FeatureFiles\Login.feature.cs:line 0]]></stack-trace>
            </failure>
          </test-case>
        </test-suite>
        <test-suite type="TestFixture" id="1-1003" name="TweetTextFeature" fullname="Twitter_Test.FeatureFiles.TweetTextFeature" runstate="Runnable" testcasecount="2" result="Failed" label="Error" duration="0.363473" total="2" passed="0" failed="0" inconclusive="0" skipped="0" asserts="0" site="Parent">
          <properties>
            <property name="_DESCRIPTION" value="TweetText" />
            <property name="_CATEGORIES" value="BeforeTweet" />
            <property name="_CATEGORIES" value="AfterTweet" />
          </properties>
          <failure>
            <message><![CDATA[SetUp : System.Exception : No devices connected.]]></message>
            <stack-trace><![CDATA[   at Xamarin.UITest.Android.LocalAndroidAppInitializer.GetDeviceSerial(IAndroidAppConfiguration appConfiguration)
   at Xamarin.UITest.Android.LocalAndroidAppInitializer.PrepareEnvironment()
   at Xamarin.UITest.Android.AndroidApp..ctor(IAndroidAppConfiguration appConfiguration)
   at Xamarin.UITest.Configuration.AndroidAppConfigurator.StartApp(AppDataMode appDataMode)
   at Twitter_Test.AppInitializer.StartApp(Platform platform) in C:\Users\Chris Gungaloo\Documents\Visual Studio 2015\Projects\Twitter_Test\Twitter_Test\AppInitializer.cs:line 15
   at Twitter_Test.BeforeAfterHook.BeforeTweet() in C:\Users\Chris Gungaloo\Documents\Visual Studio 2015\Projects\Twitter_Test\Twitter_Test\BeforeAfterHook.cs:line 42
   at TechTalk.SpecFlow.Bindings.BindingInvoker.InvokeBinding(IBinding binding, IContextManager contextManager, Object[] arguments, ITestTracer testTracer, TimeSpan& duration)
   at TechTalk.SpecFlow.Infrastructure.TestExecutionEngine.FireEvents(HookType bindingEvent)
   at Twitter_Test.FeatureFiles.TweetTextFeature.FeatureSetup() in C:\Users\Chris Gungaloo\Documents\Visual Studio 2015\Projects\Twitter_Test\Twitter_Test\FeatureFiles\TweetText.feature.cs:line 0]]></stack-trace>
          </failure>
          <test-case id="1-1004" name="SendFirstTweet" fullname="Twitter_Test.FeatureFiles.TweetTextFeature.SendFirstTweet" runstate="Runnable" result="Failed" duration="0.000000" asserts="0">
            <properties>
              <property name="_DESCRIPTION" value="Send First Tweet" />
            </properties>
            <failure>
              <message><![CDATA[TestFixtureSetUp failed in TweetTextFeature]]></message>
            </failure>
          </test-case>
          <test-case id="1-1005" name="SendSecondTweet" fullname="Twitter_Test.FeatureFiles.TweetTextFeature.SendSecondTweet" runstate="Runnable" result="Failed" duration="0.000000" asserts="0">
            <properties>
              <property name="_DESCRIPTION" value="Send Second Tweet" />
            </properties>
            <failure>
              <message><![CDATA[TestFixtureSetUp failed in TweetTextFeature]]></message>
            </failure>
          </test-case>
        </test-suite>
      </test-suite>
    </test-suite>
  </test-suite>
</test-run>